
The following have been reloaded with a version change:
  1) openblas/0.3.24_threads_openmp => openblas/0.3.24_threads_none
  2) py-numpy/1.24.0 => py-numpy/1.26.1

/apps/arch/2024r1/software/linux-rhel8-cascadelake/gcc-11.3.0/py-scikit-learn-1.3.2-paj5an3i245gfkgx3yjggsqbsqy3eqpf/lib/python3.10/site-packages/sklearn/linear_model/_logistic.py:460: ConvergenceWarning: lbfgs failed to converge (status=1):
STOP: TOTAL NO. of ITERATIONS REACHED LIMIT.

Increase the number of iterations (max_iter) or scale the data as shown in:
    https://scikit-learn.org/stable/modules/preprocessing.html
Please also refer to the documentation for alternative solver options:
    https://scikit-learn.org/stable/modules/linear_model.html#logistic-regression
  n_iter_i = _check_optimize_result(
/apps/arch/2024r1/software/linux-rhel8-cascadelake/gcc-11.3.0/py-scikit-learn-1.3.2-paj5an3i245gfkgx3yjggsqbsqy3eqpf/lib/python3.10/site-packages/sklearn/linear_model/_logistic.py:460: ConvergenceWarning: lbfgs failed to converge (status=1):
STOP: TOTAL NO. of ITERATIONS REACHED LIMIT.

Increase the number of iterations (max_iter) or scale the data as shown in:
    https://scikit-learn.org/stable/modules/preprocessing.html
Please also refer to the documentation for alternative solver options:
    https://scikit-learn.org/stable/modules/linear_model.html#logistic-regression
  n_iter_i = _check_optimize_result(
/apps/arch/2024r1/software/linux-rhel8-cascadelake/gcc-11.3.0/py-scikit-learn-1.3.2-paj5an3i245gfkgx3yjggsqbsqy3eqpf/lib/python3.10/site-packages/sklearn/linear_model/_logistic.py:460: ConvergenceWarning: lbfgs failed to converge (status=1):
STOP: TOTAL NO. of ITERATIONS REACHED LIMIT.

Increase the number of iterations (max_iter) or scale the data as shown in:
    https://scikit-learn.org/stable/modules/preprocessing.html
Please also refer to the documentation for alternative solver options:
    https://scikit-learn.org/stable/modules/linear_model.html#logistic-regression
  n_iter_i = _check_optimize_result(
/apps/arch/2024r1/software/linux-rhel8-cascadelake/gcc-11.3.0/py-scikit-learn-1.3.2-paj5an3i245gfkgx3yjggsqbsqy3eqpf/lib/python3.10/site-packages/sklearn/linear_model/_logistic.py:460: ConvergenceWarning: lbfgs failed to converge (status=1):
STOP: TOTAL NO. of ITERATIONS REACHED LIMIT.

Increase the number of iterations (max_iter) or scale the data as shown in:
    https://scikit-learn.org/stable/modules/preprocessing.html
Please also refer to the documentation for alternative solver options:
    https://scikit-learn.org/stable/modules/linear_model.html#logistic-regression
  n_iter_i = _check_optimize_result(
/apps/arch/2024r1/software/linux-rhel8-cascadelake/gcc-11.3.0/py-scikit-learn-1.3.2-paj5an3i245gfkgx3yjggsqbsqy3eqpf/lib/python3.10/site-packages/sklearn/linear_model/_logistic.py:460: ConvergenceWarning: lbfgs failed to converge (status=1):
STOP: TOTAL NO. of ITERATIONS REACHED LIMIT.

Increase the number of iterations (max_iter) or scale the data as shown in:
    https://scikit-learn.org/stable/modules/preprocessing.html
Please also refer to the documentation for alternative solver options:
    https://scikit-learn.org/stable/modules/linear_model.html#logistic-regression
  n_iter_i = _check_optimize_result(
